Pioneer_8
Irminger_7Pioneer_10

Endurance_7
Number of images that were not cropped:  0
Endurance_4
Pioneer_3
Number of images that were not cropped:  0
Irminger_6
Endurance_3SPURS2Pioneer_6


Number of images that were not cropped:  0
Endurance_8
Number of images that were not cropped:  0
Pioneer_7
Number of images that were not cropped:  0
Pioneer_5
CLIMODE
Number of images that were not cropped:  0
Irminger_3
SouthernOcean2
Number of images that were not cropped:  0
SPURS1
Number of images that were not cropped:  0
Endurance_9
/home/paulinast/repos/github/machine-ocean-satdata/notebooks/collocation_and_normalization/whoi/../../../sar.py:211: RuntimeWarning: divide by zero encountered in log10
  s0 = 10.*np.log10(s0)
Number of images that were not cropped:  0
Number of images that were not cropped:  0
Number of images that were not cropped:  0
Number of images that were not cropped:  0
Number of images that were not cropped:  0
Number of images that were not cropped:  0
Number of images that were not cropped:  0
Number of images that were not cropped:  0
