/lustre/storeB/project/IT/geout/machine-ocean/data_raw/era5_buoys//mean_wave_direction/era_mean_direction_of_wind_waves_Endurance_8.nc already exists.
/lustre/storeB/project/IT/geout/machine-ocean/data_raw/era5_buoys//mean_wave_direction/era_mean_direction_of_wind_waves_Irminger_7.nc already exists.
/lustre/storeB/project/IT/geout/machine-ocean/data_raw/era5_buoys//mean_wave_direction/era_mean_direction_of_wind_waves_SPURS2.nc already exists.
/lustre/storeB/project/IT/geout/machine-ocean/data_raw/era5_buoys//mean_wave_direction/era_mean_direction_of_wind_waves_Endurance_4.nc already exists.
/lustre/storeB/project/IT/geout/machine-ocean/data_raw/era5_buoys//mean_wave_direction/era_mean_direction_of_wind_waves_Irminger_6.nc already exists.
/lustre/storeB/project/IT/geout/machine-ocean/data_raw/era5_buoys//mean_wave_direction/era_mean_direction_of_wind_waves_Pioneer_5.nc already exists.
/lustre/storeB/project/IT/geout/machine-ocean/data_raw/era5_buoys//mean_wave_direction/era_mean_direction_of_wind_waves_CLIMODE.nc already exists.
/lustre/storeB/project/IT/geout/machine-ocean/data_raw/era5_buoys//mean_wave_direction/era_mean_direction_of_wind_waves_Endurance_9.nc already exists.
/lustre/storeB/project/IT/geout/machine-ocean/data_raw/era5_buoys//mean_wave_direction/era_mean_direction_of_wind_waves_Pioneer_10.nc already exists.
/lustre/storeB/project/IT/geout/machine-ocean/data_raw/era5_buoys//mean_wave_direction/era_mean_direction_of_wind_waves_SouthernOcean2.nc already exists.
/lustre/storeB/project/IT/geout/machine-ocean/data_raw/era5_buoys//mean_wave_direction/era_mean_direction_of_wind_waves_Endurance_3.nc already exists.
/lustre/storeB/project/IT/geout/machine-ocean/data_raw/era5_buoys//mean_wave_direction/era_mean_direction_of_wind_waves_Pioneer_3.nc already exists.
/lustre/storeB/project/IT/geout/machine-ocean/data_raw/era5_buoys//mean_wave_direction/era_mean_direction_of_wind_waves_SPURS1.nc already exists.
/lustre/storeB/project/IT/geout/machine-ocean/data_raw/era5_buoys//mean_wave_direction/era_mean_direction_of_wind_waves_Endurance_7.nc already exists.
/lustre/storeB/project/IT/geout/machine-ocean/data_raw/era5_buoys//mean_wave_direction/era_mean_direction_of_wind_waves_Irminger_3.nc already exists.
/lustre/storeB/project/IT/geout/machine-ocean/data_raw/era5_buoys//mean_wave_direction/era_mean_direction_of_wind_waves_Pioneer_7.nc already exists.
/lustre/storeB/project/IT/geout/machine-ocean/data_raw/era5_buoys//mean_wave_direction/era_mean_direction_of_wind_waves_Pioneer_6.nc already exists.
/lustre/storeB/project/IT/geout/machine-ocean/data_raw/era5_buoys//mean_wave_direction/era_mean_direction_of_wind_waves_Pioneer_8.nc already exists.
/lustre/storeB/project/IT/geout/machine-ocean/data_raw/era5_buoys//mean_wave_direction/era_mean_wave_direction_Endurance_8.nc already exists.
/lustre/storeB/project/IT/geout/machine-ocean/data_raw/era5_buoys//mean_wave_direction/era_mean_wave_direction_Irminger_7.nc already exists.
/lustre/storeB/project/IT/geout/machine-ocean/data_raw/era5_buoys//mean_wave_direction/era_mean_wave_direction_SPURS2.nc already exists.
/lustre/storeB/project/IT/geout/machine-ocean/data_raw/era5_buoys//mean_wave_direction/era_mean_wave_direction_Endurance_4.nc already exists.
/lustre/storeB/project/IT/geout/machine-ocean/data_raw/era5_buoys//mean_wave_direction/era_mean_wave_direction_Irminger_6.nc already exists.
/lustre/storeB/project/IT/geout/machine-ocean/data_raw/era5_buoys//mean_wave_direction/era_mean_wave_direction_Pioneer_5.nc already exists.
/lustre/storeB/project/IT/geout/machine-ocean/data_raw/era5_buoys//mean_wave_direction/era_mean_wave_direction_CLIMODE.nc already exists.
/lustre/storeB/project/IT/geout/machine-ocean/data_raw/era5_buoys//mean_wave_direction/era_mean_wave_direction_Endurance_9.nc already exists.
/lustre/storeB/project/IT/geout/machine-ocean/data_raw/era5_buoys//mean_wave_direction/era_mean_wave_direction_Pioneer_10.nc already exists.
/lustre/storeB/project/IT/geout/machine-ocean/data_raw/era5_buoys//mean_wave_direction/era_mean_wave_direction_SouthernOcean2.nc already exists.
/lustre/storeB/project/IT/geout/machine-ocean/data_raw/era5_buoys//mean_wave_direction/era_mean_wave_direction_Endurance_3.nc already exists.
/lustre/storeB/project/IT/geout/machine-ocean/data_raw/era5_buoys//mean_wave_direction/era_mean_wave_direction_Pioneer_3.nc already exists.
/lustre/storeB/project/IT/geout/machine-ocean/data_raw/era5_buoys//mean_wave_direction/era_mean_wave_direction_SPURS1.nc already exists.
/lustre/storeB/project/IT/geout/machine-ocean/data_raw/era5_buoys//mean_wave_direction/era_mean_wave_direction_Endurance_7.nc already exists.
/lustre/storeB/project/IT/geout/machine-ocean/data_raw/era5_buoys//mean_wave_direction/era_mean_wave_direction_Irminger_3.nc already exists.
/lustre/storeB/project/IT/geout/machine-ocean/data_raw/era5_buoys//mean_wave_direction/era_mean_wave_direction_Pioneer_7.nc already exists.
/lustre/storeB/project/IT/geout/machine-ocean/data_raw/era5_buoys//mean_wave_direction/era_mean_wave_direction_Pioneer_6.nc already exists.
/lustre/storeB/project/IT/geout/machine-ocean/data_raw/era5_buoys//mean_wave_direction/era_mean_wave_direction_Pioneer_8.nc already exists.
/lustre/storeB/project/IT/geout/machine-ocean/data_raw/era5_buoys//mean_wave_direction/era_mean_wave_direction_of_first_swell_partition_Endurance_8.nc already exists.
/lustre/storeB/project/IT/geout/machine-ocean/data_raw/era5_buoys//mean_wave_direction/era_mean_wave_direction_of_first_swell_partition_Irminger_7.nc already exists.
/lustre/storeB/project/IT/geout/machine-ocean/data_raw/era5_buoys//mean_wave_direction/era_mean_wave_direction_of_first_swell_partition_SPURS2.nc already exists.
/lustre/storeB/project/IT/geout/machine-ocean/data_raw/era5_buoys//mean_wave_direction/era_mean_wave_direction_of_first_swell_partition_Endurance_4.nc already exists.
/lustre/storeB/project/IT/geout/machine-ocean/data_raw/era5_buoys//mean_wave_direction/era_mean_wave_direction_of_first_swell_partition_Irminger_6.nc already exists.
/lustre/storeB/project/IT/geout/machine-ocean/data_raw/era5_buoys//mean_wave_direction/era_mean_wave_direction_of_first_swell_partition_Pioneer_5.nc already exists.
/lustre/storeB/project/IT/geout/machine-ocean/data_raw/era5_buoys//mean_wave_direction/era_mean_wave_direction_of_first_swell_partition_CLIMODE.nc already exists.
/lustre/storeB/project/IT/geout/machine-ocean/data_raw/era5_buoys//mean_wave_direction/era_mean_wave_direction_of_first_swell_partition_Endurance_9.nc already exists.
/lustre/storeB/project/IT/geout/machine-ocean/data_raw/era5_buoys//mean_wave_direction/era_mean_wave_direction_of_first_swell_partition_Pioneer_10.nc already exists.
/lustre/storeB/project/IT/geout/machine-ocean/data_raw/era5_buoys//mean_wave_direction/era_mean_wave_direction_of_first_swell_partition_SouthernOcean2.nc already exists.
/lustre/storeB/project/IT/geout/machine-ocean/data_raw/era5_buoys//mean_wave_direction/era_mean_wave_direction_of_first_swell_partition_Endurance_3.nc already exists.
/lustre/storeB/project/IT/geout/machine-ocean/data_raw/era5_buoys//mean_wave_direction/era_mean_wave_direction_of_first_swell_partition_Pioneer_3.nc already exists.
/lustre/storeB/project/IT/geout/machine-ocean/data_raw/era5_buoys//mean_wave_direction/era_mean_wave_direction_of_first_swell_partition_SPURS1.nc already exists.
/lustre/storeB/project/IT/geout/machine-ocean/data_raw/era5_buoys//mean_wave_direction/era_mean_wave_direction_of_first_swell_partition_Endurance_7.nc already exists.
/lustre/storeB/project/IT/geout/machine-ocean/data_raw/era5_buoys//mean_wave_direction/era_mean_wave_direction_of_first_swell_partition_Irminger_3.nc already exists.
/lustre/storeB/project/IT/geout/machine-ocean/data_raw/era5_buoys//mean_wave_direction/era_mean_wave_direction_of_first_swell_partition_Pioneer_7.nc already exists.
/lustre/storeB/project/IT/geout/machine-ocean/data_raw/era5_buoys//mean_wave_direction/era_mean_wave_direction_of_first_swell_partition_Pioneer_6.nc already exists.
/lustre/storeB/project/IT/geout/machine-ocean/data_raw/era5_buoys//mean_wave_direction/era_mean_wave_direction_of_first_swell_partition_Pioneer_8.nc already exists.
/lustre/storeB/project/IT/geout/machine-ocean/data_raw/era5_buoys//mean_wave_direction/era_mean_wave_direction_of_second_swell_partition_Endurance_8.nc already exists.
/lustre/storeB/project/IT/geout/machine-ocean/data_raw/era5_buoys//mean_wave_direction/era_mean_wave_direction_of_second_swell_partition_Irminger_7.nc already exists.
/lustre/storeB/project/IT/geout/machine-ocean/data_raw/era5_buoys//mean_wave_direction/era_mean_wave_direction_of_second_swell_partition_SPURS2.nc already exists.
/lustre/storeB/project/IT/geout/machine-ocean/data_raw/era5_buoys//mean_wave_direction/era_mean_wave_direction_of_second_swell_partition_Endurance_4.nc already exists.
/lustre/storeB/project/IT/geout/machine-ocean/data_raw/era5_buoys//mean_wave_direction/era_mean_wave_direction_of_second_swell_partition_Irminger_6.nc already exists.
/lustre/storeB/project/IT/geout/machine-ocean/data_raw/era5_buoys//mean_wave_direction/era_mean_wave_direction_of_second_swell_partition_Pioneer_5.nc already exists.
/lustre/storeB/project/IT/geout/machine-ocean/data_raw/era5_buoys//mean_wave_direction/era_mean_wave_direction_of_second_swell_partition_CLIMODE.nc already exists.
/lustre/storeB/project/IT/geout/machine-ocean/data_raw/era5_buoys//mean_wave_direction/era_mean_wave_direction_of_second_swell_partition_Endurance_9.nc already exists.
/lustre/storeB/project/IT/geout/machine-ocean/data_raw/era5_buoys//mean_wave_direction/era_mean_wave_direction_of_second_swell_partition_Pioneer_10.nc already exists.
/lustre/storeB/project/IT/geout/machine-ocean/data_raw/era5_buoys//mean_wave_direction/era_mean_wave_direction_of_second_swell_partition_SouthernOcean2.nc already exists.
/lustre/storeB/project/IT/geout/machine-ocean/data_raw/era5_buoys//mean_wave_direction/era_mean_wave_direction_of_second_swell_partition_Endurance_3.nc already exists.
/lustre/storeB/project/IT/geout/machine-ocean/data_raw/era5_buoys//mean_wave_direction/era_mean_wave_direction_of_second_swell_partition_Pioneer_3.nc already exists.
/lustre/storeB/project/IT/geout/machine-ocean/data_raw/era5_buoys//mean_wave_direction/era_mean_wave_direction_of_second_swell_partition_SPURS1.nc already exists.
/lustre/storeB/project/IT/geout/machine-ocean/data_raw/era5_buoys//mean_wave_direction/era_mean_wave_direction_of_second_swell_partition_Endurance_7.nc already exists.
/lustre/storeB/project/IT/geout/machine-ocean/data_raw/era5_buoys//mean_wave_direction/era_mean_wave_direction_of_second_swell_partition_Irminger_3.nc already exists.
/lustre/storeB/project/IT/geout/machine-ocean/data_raw/era5_buoys//mean_wave_direction/era_mean_wave_direction_of_second_swell_partition_Pioneer_7.nc already exists.
/lustre/storeB/project/IT/geout/machine-ocean/data_raw/era5_buoys//mean_wave_direction/era_mean_wave_direction_of_second_swell_partition_Pioneer_6.nc already exists.
/lustre/storeB/project/IT/geout/machine-ocean/data_raw/era5_buoys//mean_wave_direction/era_mean_wave_direction_of_second_swell_partition_Pioneer_8.nc already exists.
/lustre/storeB/project/IT/geout/machine-ocean/data_raw/era5_buoys//mean_wave_direction/era_mean_wave_direction_of_third_swell_partition_Endurance_8.nc already exists.
/lustre/storeB/project/IT/geout/machine-ocean/data_raw/era5_buoys//mean_wave_direction/era_mean_wave_direction_of_third_swell_partition_Irminger_7.nc already exists.
/lustre/storeB/project/IT/geout/machine-ocean/data_raw/era5_buoys//mean_wave_direction/era_mean_wave_direction_of_third_swell_partition_SPURS2.nc already exists.
/lustre/storeB/project/IT/geout/machine-ocean/data_raw/era5_buoys//mean_wave_direction/era_mean_wave_direction_of_third_swell_partition_Endurance_4.nc already exists.
/lustre/storeB/project/IT/geout/machine-ocean/data_raw/era5_buoys//mean_wave_direction/era_mean_wave_direction_of_third_swell_partition_Irminger_6.nc already exists.
/lustre/storeB/project/IT/geout/machine-ocean/data_raw/era5_buoys//mean_wave_direction/era_mean_wave_direction_of_third_swell_partition_Pioneer_5.nc already exists.
/lustre/storeB/project/IT/geout/machine-ocean/data_raw/era5_buoys//mean_wave_direction/era_mean_wave_direction_of_third_swell_partition_CLIMODE.nc already exists.
/lustre/storeB/project/IT/geout/machine-ocean/data_raw/era5_buoys//mean_wave_direction/era_mean_wave_direction_of_third_swell_partition_Endurance_9.nc already exists.
/lustre/storeB/project/IT/geout/machine-ocean/data_raw/era5_buoys//mean_wave_direction/era_mean_wave_direction_of_third_swell_partition_Pioneer_10.nc already exists.
/lustre/storeB/project/IT/geout/machine-ocean/data_raw/era5_buoys//mean_wave_direction/era_mean_wave_direction_of_third_swell_partition_SouthernOcean2.nc already exists.
/lustre/storeB/project/IT/geout/machine-ocean/data_raw/era5_buoys//mean_wave_direction/era_mean_wave_direction_of_third_swell_partition_Endurance_3.nc already exists.
/lustre/storeB/project/IT/geout/machine-ocean/data_raw/era5_buoys//mean_wave_direction/era_mean_wave_direction_of_third_swell_partition_Pioneer_3.nc already exists.
/lustre/storeB/project/IT/geout/machine-ocean/data_raw/era5_buoys//mean_wave_direction/era_mean_wave_direction_of_third_swell_partition_SPURS1.nc already exists.
/lustre/storeB/project/IT/geout/machine-ocean/data_raw/era5_buoys//mean_wave_direction/era_mean_wave_direction_of_third_swell_partition_Endurance_7.nc already exists.
/lustre/storeB/project/IT/geout/machine-ocean/data_raw/era5_buoys//mean_wave_direction/era_mean_wave_direction_of_third_swell_partition_Irminger_3.nc already exists.
/lustre/storeB/project/IT/geout/machine-ocean/data_raw/era5_buoys//mean_wave_direction/era_mean_wave_direction_of_third_swell_partition_Pioneer_7.nc already exists.
/lustre/storeB/project/IT/geout/machine-ocean/data_raw/era5_buoys//mean_wave_direction/era_mean_wave_direction_of_third_swell_partition_Pioneer_6.nc already exists.
/lustre/storeB/project/IT/geout/machine-ocean/data_raw/era5_buoys//mean_wave_direction/era_mean_wave_direction_of_third_swell_partition_Pioneer_8.nc already exists.
0.15user 0.08system 0:00.69elapsed 34%CPU (0avgtext+0avgdata 63844maxresident)k
75192inputs+32outputs (152major+10666minor)pagefaults 0swaps
